#
# There is insufficient memory for the Java Runtime Environment to continue.
# Native memory allocation (malloc) failed to allocate 1384816 bytes. Error detail: Chunk::new
# Possible reasons:
#   The system is out of physical RAM or swap space
#   This process is running with CompressedOops enabled, and the Java Heap may be blocking the growth of the native heap
# Possible solutions:
#   Reduce memory load on the system
#   Increase physical memory or swap space
#   Check if swap backing store is full
#   Decrease Java heap size (-Xmx/-Xms)
#   Decrease number of Java threads
#   Decrease Java thread stack sizes (-Xss)
#   Set larger code cache with -XX:ReservedCodeCacheSize=
#   JVM is running with Unscaled Compressed Oops mode in which the Java heap is
#     placed in the first 4GB address space. The Java Heap base address is the
#     maximum limit for the native heap growth. Please use -XX:HeapBaseMinAddress
#     to set the Java Heap base and to place the Java Heap above 4GB virtual address.
# This output file may be truncated or incomplete.
#
#  Out of Memory Error (arena.cpp:168), pid=20224, tid=34012
#
# JRE version: OpenJDK Runtime Environment (21.0.4) (build 21.0.4+-12508038-b607.1)
# Java VM: OpenJDK 64-Bit Server VM (21.0.4+-12508038-b607.1, mixed mode, tiered, compressed oops, compressed class ptrs, g1 gc, windows-amd64)
# No core dump will be written. Minidumps are not enabled by default on client versions of Windows
#

---------------  S U M M A R Y ------------

Command Line: --add-opens=java.base/java.util=ALL-UNNAMED --add-opens=java.base/java.lang=ALL-UNNAMED --add-opens=java.base/java.lang.invoke=ALL-UNNAMED --add-opens=java.prefs/java.util.prefs=ALL-UNNAMED --add-exports=jdk.compiler/com.sun.tools.javac.api=ALL-UNNAMED --add-exports=jdk.compiler/com.sun.tools.javac.util=ALL-UNNAMED --add-opens=java.base/java.nio.charset=ALL-UNNAMED --add-opens=java.base/java.net=ALL-UNNAMED --add-opens=java.base/java.util.concurrent.atomic=ALL-UNNAMED -Xmx2048m -Dfile.encoding=UTF-8 -Duser.country=US -Duser.language=en -Duser.variant -javaagent:C:\Users\ASUS\.gradle\wrapper\dists\gradle-8.10.2-bin\a04bxjujx95o3nb99gddekhwo\gradle-8.10.2\lib\agents\gradle-instrumentation-agent-8.10.2.jar org.gradle.launcher.daemon.bootstrap.GradleDaemon 8.10.2

Host: Intel(R) Core(TM) i7-10870H CPU @ 2.20GHz, 16 cores, 7G,  Windows 11 , 64 bit Build 22621 (10.0.22621.5415)
Time: Sat Jun 14 14:43:56 2025 Altai Standard Time elapsed time: 4.311052 seconds (0d 0h 0m 4s)

---------------  T H R E A D  ---------------

Current thread (0x000001ad01676c30):  JavaThread "C2 CompilerThread1" daemon [_thread_in_native, id=34012, stack(0x00000035d6100000,0x00000035d6200000) (1024K)]


Current CompileTask:
C2:   4311 4879       4       java.net.URLClassLoader$1::run (5 bytes)

Stack: [0x00000035d6100000,0x00000035d6200000]
Native frames: (J=compiled Java code, j=interpreted, Vv=VM code, C=native code)
V  [jvm.dll+0x6ce539]
V  [jvm.dll+0x85bf03]
V  [jvm.dll+0x85e45e]
V  [jvm.dll+0x85eb43]
V  [jvm.dll+0x27dd06]
V  [jvm.dll+0xbf9cd]
V  [jvm.dll+0xbff03]
V  [jvm.dll+0x3b4db1]
V  [jvm.dll+0x1de004]
V  [jvm.dll+0x247544]
V  [jvm.dll+0x2469c1]
V  [jvm.dll+0x1c58a4]
V  [jvm.dll+0x255fec]
V  [jvm.dll+0x254536]
V  [jvm.dll+0x3efab6]
V  [jvm.dll+0x804418]
V  [jvm.dll+0x6cce0d]
C  [ucrtbase.dll+0x29333]
C  [KERNEL32.DLL+0x1259d]
C  [ntdll.dll+0x5af78]


---------------  P R O C E S S  ---------------

Threads class SMR info:
_java_thread_list=0x000001ad03440990, length=36, elements={
0x000001ad607210d0, 0x000001ad7f0cd610, 0x000001ad7f0ceb20, 0x000001ad7f0e7e60,
0x000001ad7f0e88c0, 0x000001ad7f0e9c70, 0x000001ad7f0eee90, 0x000001ad7f0f1e20,
0x000001ad7f103080, 0x000001ad7f0ef520, 0x000001ad7f2a2c60, 0x000001ad7f0ec730,
0x000001ad7f41b100, 0x000001ad002b3080, 0x000001ad7f0efbb0, 0x000001ad7f0ecdc0,
0x000001ad01676c30, 0x000001ad7f0ee170, 0x000001ad013bdf50, 0x000001ad013c3b30,
0x000001ad013c41c0, 0x000001ad013c0020, 0x000001ad013c06b0, 0x000001ad013be5e0,
0x000001ad013c0d40, 0x000001ad013c20f0, 0x000001ad013bec70, 0x000001ad013c2e10,
0x000001ad013c34a0, 0x000001ad013c13d0, 0x000001ad013bf300, 0x000001ad013bf990,
0x000001ad013c1a60, 0x000001ad013bd230, 0x000001ad013c4850, 0x000001ad013bd8c0
}

Java Threads: ( => current thread )
  0x000001ad607210d0 JavaThread "main"                              [_thread_blocked, id=28484, stack(0x00000035d4400000,0x00000035d4500000) (1024K)]
  0x000001ad7f0cd610 JavaThread "Reference Handler"          daemon [_thread_blocked, id=20464, stack(0x00000035d4c00000,0x00000035d4d00000) (1024K)]
  0x000001ad7f0ceb20 JavaThread "Finalizer"                  daemon [_thread_blocked, id=11644, stack(0x00000035d4d00000,0x00000035d4e00000) (1024K)]
  0x000001ad7f0e7e60 JavaThread "Signal Dispatcher"          daemon [_thread_blocked, id=28208, stack(0x00000035d4e00000,0x00000035d4f00000) (1024K)]
  0x000001ad7f0e88c0 JavaThread "Attach Listener"            daemon [_thread_blocked, id=24196, stack(0x00000035d4f00000,0x00000035d5000000) (1024K)]
  0x000001ad7f0e9c70 JavaThread "Service Thread"             daemon [_thread_blocked, id=33160, stack(0x00000035d5000000,0x00000035d5100000) (1024K)]
  0x000001ad7f0eee90 JavaThread "Monitor Deflation Thread"   daemon [_thread_blocked, id=33732, stack(0x00000035d5100000,0x00000035d5200000) (1024K)]
  0x000001ad7f0f1e20 JavaThread "C2 CompilerThread0"         daemon [_thread_in_native, id=24672, stack(0x00000035d5200000,0x00000035d5300000) (1024K)]
  0x000001ad7f103080 JavaThread "C1 CompilerThread0"         daemon [_thread_blocked, id=27336, stack(0x00000035d5300000,0x00000035d5400000) (1024K)]
  0x000001ad7f0ef520 JavaThread "Common-Cleaner"             daemon [_thread_blocked, id=26520, stack(0x00000035d5400000,0x00000035d5500000) (1024K)]
  0x000001ad7f2a2c60 JavaThread "C1 CompilerThread1"         daemon [_thread_blocked, id=24256, stack(0x00000035d5500000,0x00000035d5600000) (1024K)]
  0x000001ad7f0ec730 JavaThread "Notification Thread"        daemon [_thread_blocked, id=34664, stack(0x00000035d5600000,0x00000035d5700000) (1024K)]
  0x000001ad7f41b100 JavaThread "C1 CompilerThread2"         daemon [_thread_blocked, id=15268, stack(0x00000035d5a00000,0x00000035d5b00000) (1024K)]
  0x000001ad002b3080 JavaThread "C1 CompilerThread3"         daemon [_thread_blocked, id=23268, stack(0x00000035d5b00000,0x00000035d5c00000) (1024K)]
  0x000001ad7f0efbb0 JavaThread "Daemon health stats"               [_thread_blocked, id=34672, stack(0x00000035d6000000,0x00000035d6100000) (1024K)]
  0x000001ad7f0ecdc0 JavaThread "Incoming local TCP Connector on port 53977"        [_thread_in_native, id=9276, stack(0x00000035d5700000,0x00000035d5800000) (1024K)]
=>0x000001ad01676c30 JavaThread "C2 CompilerThread1"         daemon [_thread_in_native, id=34012, stack(0x00000035d6100000,0x00000035d6200000) (1024K)]
  0x000001ad7f0ee170 JavaThread "Daemon periodic checks"            [_thread_blocked, id=10740, stack(0x00000035d6200000,0x00000035d6300000) (1024K)]
  0x000001ad013bdf50 JavaThread "Daemon"                            [_thread_blocked, id=34708, stack(0x00000035d6300000,0x00000035d6400000) (1024K)]
  0x000001ad013c3b30 JavaThread "Handler for socket connection from /127.0.0.1:53977 to /127.0.0.1:53978"        [_thread_in_native, id=34520, stack(0x00000035d6400000,0x00000035d6500000) (1024K)]
  0x000001ad013c41c0 JavaThread "Cancel handler"                    [_thread_blocked, id=17268, stack(0x00000035d6500000,0x00000035d6600000) (1024K)]
  0x000001ad013c0020 JavaThread "Daemon worker"                     [_thread_in_Java, id=11548, stack(0x00000035d6600000,0x00000035d6700000) (1024K)]
  0x000001ad013c06b0 JavaThread "Asynchronous log dispatcher for DefaultDaemonConnection: socket connection from /127.0.0.1:53977 to /127.0.0.1:53978"        [_thread_blocked, id=30624, stack(0x00000035d6700000,0x00000035d6800000) (1024K)]
  0x000001ad013be5e0 JavaThread "Stdin handler"                     [_thread_blocked, id=24772, stack(0x00000035d6800000,0x00000035d6900000) (1024K)]
  0x000001ad013c0d40 JavaThread "Daemon client event forwarder"        [_thread_blocked, id=19676, stack(0x00000035d6900000,0x00000035d6a00000) (1024K)]
  0x000001ad013c20f0 JavaThread "Cache worker for journal cache (C:\Users\ASUS\.gradle\caches\journal-1)"        [_thread_blocked, id=23732, stack(0x00000035d7200000,0x00000035d7300000) (1024K)]
  0x000001ad013bec70 JavaThread "File lock request listener"        [_thread_in_native, id=8612, stack(0x00000035d7300000,0x00000035d7400000) (1024K)]
  0x000001ad013c2e10 JavaThread "Cache worker for file hash cache (C:\Users\ASUS\.gradle\caches\8.10.2\fileHashes)"        [_thread_blocked, id=32700, stack(0x00000035d7400000,0x00000035d7500000) (1024K)]
  0x000001ad013c34a0 JavaThread "Cache worker for file hash cache (C:\Users\ASUS\AndroidStudioProjects\EventApp\.gradle\8.10.2\fileHashes)"        [_thread_blocked, id=33456, stack(0x00000035d7500000,0x00000035d7600000) (1024K)]
  0x000001ad013c13d0 JavaThread "Cache worker for Build Output Cleanup Cache (C:\Users\ASUS\AndroidStudioProjects\EventApp\.gradle\buildOutputCleanup)"        [_thread_blocked, id=16880, stack(0x00000035d7600000,0x00000035d7700000) (1024K)]
  0x000001ad013bf300 JavaThread "File watcher server"        daemon [_thread_in_native, id=18588, stack(0x00000035d7700000,0x00000035d7800000) (1024K)]
  0x000001ad013bf990 JavaThread "File watcher consumer"      daemon [_thread_blocked, id=32752, stack(0x00000035d7800000,0x00000035d7900000) (1024K)]
  0x000001ad013c1a60 JavaThread "Cache worker for checksums cache (C:\Users\ASUS\AndroidStudioProjects\EventApp\.gradle\8.10.2\checksums)"        [_thread_blocked, id=33692, stack(0x00000035d7900000,0x00000035d7a00000) (1024K)]
  0x000001ad013bd230 JavaThread "Cache worker for file content cache (C:\Users\ASUS\.gradle\caches\8.10.2\fileContent)"        [_thread_blocked, id=33992, stack(0x00000035d7a00000,0x00000035d7b00000) (1024K)]
  0x000001ad013c4850 JavaThread "Cache worker for cache directory md-rule (C:\Users\ASUS\.gradle\caches\8.10.2\md-rule)"        [_thread_blocked, id=24556, stack(0x00000035d7b00000,0x00000035d7c00000) (1024K)]
  0x000001ad013bd8c0 JavaThread "Cache worker for cache directory md-supplier (C:\Users\ASUS\.gradle\caches\8.10.2\md-supplier)"        [_thread_blocked, id=32844, stack(0x00000035d7c00000,0x00000035d7d00000) (1024K)]
Total: 36

Other Threads:
  0x000001ad7f02d070 VMThread "VM Thread"                           [id=28336, stack(0x00000035d4b00000,0x00000035d4c00000) (1024K)]
  0x000001ad7abbaaa0 WatcherThread "VM Periodic Task Thread"        [id=28760, stack(0x00000035d4a00000,0x00000035d4b00000) (1024K)]
  0x000001ad62a03970 WorkerThread "GC Thread#0"                     [id=23532, stack(0x00000035d4500000,0x00000035d4600000) (1024K)]
  0x000001ad7f7e00a0 WorkerThread "GC Thread#1"                     [id=1824, stack(0x00000035d5800000,0x00000035d5900000) (1024K)]
  0x000001ad7f7e0fc0 WorkerThread "GC Thread#2"                     [id=4496, stack(0x00000035d5900000,0x00000035d5a00000) (1024K)]
  0x000001ad001efbc0 WorkerThread "GC Thread#3"                     [id=9044, stack(0x00000035d5c00000,0x00000035d5d00000) (1024K)]
  0x000001ad00872040 WorkerThread "GC Thread#4"                     [id=11896, stack(0x00000035d5d00000,0x00000035d5e00000) (1024K)]
  0x000001ad0123e2c0 WorkerThread "GC Thread#5"                     [id=24620, stack(0x00000035d5e00000,0x00000035d5f00000) (1024K)]
  0x000001ad0123e660 WorkerThread "GC Thread#6"                     [id=33628, stack(0x00000035d5f00000,0x00000035d6000000) (1024K)]
  0x000001ad013ee3c0 WorkerThread "GC Thread#7"                     [id=34564, stack(0x00000035d6a00000,0x00000035d6b00000) (1024K)]
  0x000001ad013edc80 WorkerThread "GC Thread#8"                     [id=20500, stack(0x00000035d6b00000,0x00000035d6c00000) (1024K)]
  0x000001ad013eeea0 WorkerThread "GC Thread#9"                     [id=27880, stack(0x00000035d6c00000,0x00000035d6d00000) (1024K)]
  0x000001ad013eeb00 WorkerThread "GC Thread#10"                    [id=25472, stack(0x00000035d6d00000,0x00000035d6e00000) (1024K)]
  0x000001ad013ee020 WorkerThread "GC Thread#11"                    [id=26404, stack(0x00000035d6e00000,0x00000035d6f00000) (1024K)]
  0x000001ad013ee760 WorkerThread "GC Thread#12"                    [id=5376, stack(0x00000035d6f00000,0x00000035d7000000) (1024K)]
  0x000001ad62a14ac0 ConcurrentGCThread "G1 Main Marker"            [id=20736, stack(0x00000035d4600000,0x00000035d4700000) (1024K)]
  0x000001ad62a155c0 WorkerThread "G1 Conc#0"                       [id=30044, stack(0x00000035d4700000,0x00000035d4800000) (1024K)]
  0x000001ad013ef240 WorkerThread "G1 Conc#1"                       [id=12936, stack(0x00000035d7000000,0x00000035d7100000) (1024K)]
  0x000001ad013ef5e0 WorkerThread "G1 Conc#2"                       [id=21044, stack(0x00000035d7100000,0x00000035d7200000) (1024K)]
  0x000001ad7aa8b9a0 ConcurrentGCThread "G1 Refine#0"               [id=33936, stack(0x00000035d4800000,0x00000035d4900000) (1024K)]
  0x000001ad7aa8e430 ConcurrentGCThread "G1 Service"                [id=5572, stack(0x00000035d4900000,0x00000035d4a00000) (1024K)]
Total: 21

Threads with active compile tasks:
C2 CompilerThread0     4336 4916   !   4       java.net.URLClassLoader::findClass (47 bytes)
C2 CompilerThread1     4336 4879       4       java.net.URLClassLoader$1::run (5 bytes)
Total: 2

VM state: not at safepoint (normal execution)

VM Mutex/Monitor currently owned by a thread: None

Heap address: 0x0000000080000000, size: 2048 MB, Compressed Oops mode: 32-bit

CDS archive(s) not mapped
Compressed class space mapped at: 0x0000000100000000-0x0000000140000000, reserved size: 1073741824
Narrow klass base: 0x0000000000000000, Narrow klass shift: 3, Narrow klass range: 0x140000000

GC Precious Log:
 CardTable entry size: 512
 Card Set container configuration: InlinePtr #cards 5 size 8 Array Of Cards #cards 12 size 40 Howl #buckets 4 coarsen threshold 1843 Howl Bitmap #cards 512 size 80 coarsen threshold 460 Card regions per heap region 1 cards per card region 2048
 CPUs: 16 total, 16 available
 Memory: 8027M
 Large Page Support: Disabled
 NUMA Support: Disabled
 Compressed Oops: Enabled (32-bit)
 Heap Region Size: 1M
 Heap Min Capacity: 8M
 Heap Initial Capacity: 126M
 Heap Max Capacity: 2G
 Pre-touch: Disabled
 Parallel Workers: 13
 Concurrent Workers: 3
 Concurrent Refinement Workers: 13
 Periodic GC: Disabled

Heap:
 garbage-first heap   total 96256K, used 78091K [0x0000000080000000, 0x0000000100000000)
  region size 1024K, 45 young (46080K), 3 survivors (3072K)
 Metaspace       used 53418K, committed 54848K, reserved 1114112K
  class space    used 7172K, committed 7872K, reserved 1048576K

Heap Regions: E=young(eden), S=young(survivor), O=old, HS=humongous(starts), HC=humongous(continues), CS=collection set, F=free, TAMS=top-at-mark-start, PB=parsable bottom
|   0|0x0000000080000000, 0x0000000080100000, 0x0000000080100000|100%| O|  |TAMS 0x0000000080000000| PB 0x0000000080000000| Untracked 
|   1|0x0000000080100000, 0x0000000080200000, 0x0000000080200000|100%| O|  |TAMS 0x0000000080100000| PB 0x0000000080100000| Untracked 
|   2|0x0000000080200000, 0x0000000080300000, 0x0000000080300000|100%|HS|  |TAMS 0x0000000080200000| PB 0x0000000080200000| Complete 
|   3|0x0000000080300000, 0x0000000080400000, 0x0000000080400000|100%|HC|  |TAMS 0x0000000080300000| PB 0x0000000080300000| Complete 
|   4|0x0000000080400000, 0x0000000080500000, 0x0000000080500000|100%|HC|  |TAMS 0x0000000080400000| PB 0x0000000080400000| Complete 
|   5|0x0000000080500000, 0x0000000080600000, 0x0000000080600000|100%|HC|  |TAMS 0x0000000080500000| PB 0x0000000080500000| Complete 
|   6|0x0000000080600000, 0x0000000080700000, 0x0000000080700000|100%| O|  |TAMS 0x0000000080600000| PB 0x0000000080600000| Untracked 
|   7|0x0000000080700000, 0x0000000080800000, 0x0000000080800000|100%| O|  |TAMS 0x0000000080700000| PB 0x0000000080700000| Untracked 
|   8|0x0000000080800000, 0x0000000080900000, 0x0000000080900000|100%| O|  |TAMS 0x0000000080800000| PB 0x0000000080800000| Untracked 
|   9|0x0000000080900000, 0x0000000080a00000, 0x0000000080a00000|100%|HS|  |TAMS 0x0000000080900000| PB 0x0000000080900000| Complete 
|  10|0x0000000080a00000, 0x0000000080b00000, 0x0000000080b00000|100%| O|  |TAMS 0x0000000080a00000| PB 0x0000000080a00000| Untracked 
|  11|0x0000000080b00000, 0x0000000080c00000, 0x0000000080c00000|100%| O|  |TAMS 0x0000000080b00000| PB 0x0000000080b00000| Untracked 
|  12|0x0000000080c00000, 0x0000000080d00000, 0x0000000080d00000|100%| O|  |TAMS 0x0000000080c00000| PB 0x0000000080c00000| Untracked 
|  13|0x0000000080d00000, 0x0000000080e00000, 0x0000000080e00000|100%| O|  |TAMS 0x0000000080d00000| PB 0x0000000080d00000| Untracked 
|  14|0x0000000080e00000, 0x0000000080f00000, 0x0000000080f00000|100%| O|  |TAMS 0x0000000080e00000| PB 0x0000000080e00000| Untracked 
|  15|0x0000000080f00000, 0x0000000081000000, 0x0000000081000000|100%| O|  |TAMS 0x0000000080f00000| PB 0x0000000080f00000| Untracked 
|  16|0x0000000081000000, 0x0000000081100000, 0x0000000081100000|100%| O|  |TAMS 0x0000000081000000| PB 0x0000000081000000| Untracked 
|  17|0x0000000081100000, 0x0000000081200000, 0x0000000081200000|100%|HS|  |TAMS 0x0000000081100000| PB 0x0000000081100000| Complete 
|  18|0x0000000081200000, 0x0000000081300000, 0x0000000081300000|100%|HS|  |TAMS 0x0000000081200000| PB 0x0000000081200000| Complete 
|  19|0x0000000081300000, 0x0000000081300000, 0x0000000081400000|  0%| F|  |TAMS 0x0000000081300000| PB 0x0000000081300000| Untracked 
|  20|0x0000000081400000, 0x0000000081400000, 0x0000000081500000|  0%| F|  |TAMS 0x0000000081400000| PB 0x0000000081400000| Untracked 
|  21|0x0000000081500000, 0x0000000081500000, 0x0000000081600000|  0%| F|  |TAMS 0x0000000081500000| PB 0x0000000081500000| Untracked 
|  22|0x0000000081600000, 0x0000000081700000, 0x0000000081700000|100%| O|  |TAMS 0x0000000081600000| PB 0x0000000081600000| Untracked 
|  23|0x0000000081700000, 0x0000000081800000, 0x0000000081800000|100%| O|  |TAMS 0x0000000081700000| PB 0x0000000081700000| Untracked 
|  24|0x0000000081800000, 0x0000000081900000, 0x0000000081900000|100%| O|  |TAMS 0x0000000081800000| PB 0x0000000081800000| Untracked 
|  25|0x0000000081900000, 0x0000000081a00000, 0x0000000081a00000|100%| O|  |TAMS 0x0000000081900000| PB 0x0000000081900000| Untracked 
|  26|0x0000000081a00000, 0x0000000081b00000, 0x0000000081b00000|100%| O|  |TAMS 0x0000000081a00000| PB 0x0000000081a00000| Untracked 
|  27|0x0000000081b00000, 0x0000000081c00000, 0x0000000081c00000|100%| O|  |TAMS 0x0000000081b00000| PB 0x0000000081b00000| Untracked 
|  28|0x0000000081c00000, 0x0000000081d00000, 0x0000000081d00000|100%| O|  |TAMS 0x0000000081c00000| PB 0x0000000081c00000| Untracked 
|  29|0x0000000081d00000, 0x0000000081d8c760, 0x0000000081e00000| 54%| O|  |TAMS 0x0000000081d00000| PB 0x0000000081d00000| Untracked 
|  30|0x0000000081e00000, 0x0000000081e00000, 0x0000000081f00000|  0%| F|  |TAMS 0x0000000081e00000| PB 0x0000000081e00000| Untracked 
|  31|0x0000000081f00000, 0x0000000081f00000, 0x0000000082000000|  0%| F|  |TAMS 0x0000000081f00000| PB 0x0000000081f00000| Untracked 
|  32|0x0000000082000000, 0x0000000082000000, 0x0000000082100000|  0%| F|  |TAMS 0x0000000082000000| PB 0x0000000082000000| Untracked 
|  33|0x0000000082100000, 0x0000000082100000, 0x0000000082200000|  0%| F|  |TAMS 0x0000000082100000| PB 0x0000000082100000| Untracked 
|  34|0x0000000082200000, 0x00000000822b6540, 0x0000000082300000| 71%| S|CS|TAMS 0x0000000082200000| PB 0x0000000082200000| Complete 
|  35|0x0000000082300000, 0x0000000082400000, 0x0000000082400000|100%| S|CS|TAMS 0x0000000082300000| PB 0x0000000082300000| Complete 
|  36|0x0000000082400000, 0x0000000082500000, 0x0000000082500000|100%| S|CS|TAMS 0x0000000082400000| PB 0x0000000082400000| Complete 
|  37|0x0000000082500000, 0x0000000082500000, 0x0000000082600000|  0%| F|  |TAMS 0x0000000082500000| PB 0x0000000082500000| Untracked 
|  38|0x0000000082600000, 0x0000000082600000, 0x0000000082700000|  0%| F|  |TAMS 0x0000000082600000| PB 0x0000000082600000| Untracked 
|  39|0x0000000082700000, 0x0000000082700000, 0x0000000082800000|  0%| F|  |TAMS 0x0000000082700000| PB 0x0000000082700000| Untracked 
|  40|0x0000000082800000, 0x0000000082800000, 0x0000000082900000|  0%| F|  |TAMS 0x0000000082800000| PB 0x0000000082800000| Untracked 
|  41|0x0000000082900000, 0x0000000082900000, 0x0000000082a00000|  0%| F|  |TAMS 0x0000000082900000| PB 0x0000000082900000| Untracked 
|  42|0x0000000082a00000, 0x0000000082a00000, 0x0000000082b00000|  0%| F|  |TAMS 0x0000000082a00000| PB 0x0000000082a00000| Untracked 
|  43|0x0000000082b00000, 0x0000000082b00000, 0x0000000082c00000|  0%| F|  |TAMS 0x0000000082b00000| PB 0x0000000082b00000| Untracked 
|  44|0x0000000082c00000, 0x0000000082c00000, 0x0000000082d00000|  0%| F|  |TAMS 0x0000000082c00000| PB 0x0000000082c00000| Untracked 
|  45|0x0000000082d00000, 0x0000000082d00000, 0x0000000082e00000|  0%| F|  |TAMS 0x0000000082d00000| PB 0x0000000082d00000| Untracked 
|  46|0x0000000082e00000, 0x0000000082e9f6a0, 0x0000000082f00000| 62%| E|  |TAMS 0x0000000082e00000| PB 0x0000000082e00000| Complete 
|  47|0x0000000082f00000, 0x0000000083000000, 0x0000000083000000|100%| E|CS|TAMS 0x0000000082f00000| PB 0x0000000082f00000| Complete 
|  48|0x0000000083000000, 0x0000000083100000, 0x0000000083100000|100%| E|CS|TAMS 0x0000000083000000| PB 0x0000000083000000| Complete 
|  49|0x0000000083100000, 0x0000000083200000, 0x0000000083200000|100%| E|CS|TAMS 0x0000000083100000| PB 0x0000000083100000| Complete 
|  50|0x0000000083200000, 0x0000000083300000, 0x0000000083300000|100%| E|CS|TAMS 0x0000000083200000| PB 0x0000000083200000| Complete 
|  51|0x0000000083300000, 0x0000000083400000, 0x0000000083400000|100%| E|CS|TAMS 0x0000000083300000| PB 0x0000000083300000| Complete 
|  52|0x0000000083400000, 0x0000000083500000, 0x0000000083500000|100%| E|CS|TAMS 0x0000000083400000| PB 0x0000000083400000| Complete 
|  53|0x0000000083500000, 0x0000000083600000, 0x0000000083600000|100%| E|CS|TAMS 0x0000000083500000| PB 0x0000000083500000| Complete 
|  54|0x0000000083600000, 0x0000000083700000, 0x0000000083700000|100%| E|CS|TAMS 0x0000000083600000| PB 0x0000000083600000| Complete 
|  55|0x0000000083700000, 0x0000000083800000, 0x0000000083800000|100%| E|CS|TAMS 0x0000000083700000| PB 0x0000000083700000| Complete 
|  56|0x0000000083800000, 0x0000000083900000, 0x0000000083900000|100%| E|CS|TAMS 0x0000000083800000| PB 0x0000000083800000| Complete 
|  57|0x0000000083900000, 0x0000000083a00000, 0x0000000083a00000|100%| E|CS|TAMS 0x0000000083900000| PB 0x0000000083900000| Complete 
|  58|0x0000000083a00000, 0x0000000083b00000, 0x0000000083b00000|100%| E|CS|TAMS 0x0000000083a00000| PB 0x0000000083a00000| Complete 
|  59|0x0000000083b00000, 0x0000000083c00000, 0x0000000083c00000|100%| E|CS|TAMS 0x0000000083b00000| PB 0x0000000083b00000| Complete 
|  60|0x0000000083c00000, 0x0000000083d00000, 0x0000000083d00000|100%| E|CS|TAMS 0x0000000083c00000| PB 0x0000000083c00000| Complete 
|  61|0x0000000083d00000, 0x0000000083e00000, 0x0000000083e00000|100%| E|CS|TAMS 0x0000000083d00000| PB 0x0000000083d00000| Complete 
|  62|0x0000000083e00000, 0x0000000083f00000, 0x0000000083f00000|100%| E|CS|TAMS 0x0000000083e00000| PB 0x0000000083e00000| Complete 
|  63|0x0000000083f00000, 0x0000000084000000, 0x0000000084000000|100%| E|CS|TAMS 0x0000000083f00000| PB 0x0000000083f00000| Complete 
|  64|0x0000000084000000, 0x0000000084100000, 0x0000000084100000|100%| E|CS|TAMS 0x0000000084000000| PB 0x0000000084000000| Complete 
|  65|0x0000000084100000, 0x0000000084200000, 0x0000000084200000|100%| E|CS|TAMS 0x0000000084100000| PB 0x0000000084100000| Complete 
|  66|0x0000000084200000, 0x0000000084300000, 0x0000000084300000|100%| E|CS|TAMS 0x0000000084200000| PB 0x0000000084200000| Complete 
|  67|0x0000000084300000, 0x0000000084400000, 0x0000000084400000|100%| E|CS|TAMS 0x0000000084300000| PB 0x0000000084300000| Complete 
|  68|0x0000000084400000, 0x0000000084500000, 0x0000000084500000|100%| E|CS|TAMS 0x0000000084400000| PB 0x0000000084400000| Complete 
|  69|0x0000000084500000, 0x0000000084600000, 0x0000000084600000|100%| E|CS|TAMS 0x0000000084500000| PB 0x0000000084500000| Complete 
|  70|0x0000000084600000, 0x0000000084700000, 0x0000000084700000|100%| E|CS|TAMS 0x0000000084600000| PB 0x0000000084600000| Complete 
|  71|0x0000000084700000, 0x0000000084800000, 0x0000000084800000|100%| E|CS|TAMS 0x0000000084700000| PB 0x0000000084700000| Complete 
|  72|0x0000000084800000, 0x0000000084900000, 0x0000000084900000|100%| E|CS|TAMS 0x0000000084800000| PB 0x0000000084800000| Complete 
|  73|0x0000000084900000, 0x0000000084a00000, 0x0000000084a00000|100%| E|CS|TAMS 0x0000000084900000| PB 0x0000000084900000| Complete 
|  74|0x0000000084a00000, 0x0000000084b00000, 0x0000000084b00000|100%| E|CS|TAMS 0x0000000084a00000| PB 0x0000000084a00000| Complete 
|  75|0x0000000084b00000, 0x0000000084c00000, 0x0000000084c00000|100%| E|CS|TAMS 0x0000000084b00000| PB 0x0000000084b00000| Complete 
|  76|0x0000000084c00000, 0x0000000084d00000, 0x0000000084d00000|100%| E|CS|TAMS 0x0000000084c00000| PB 0x0000000084c00000| Complete 
|  77|0x0000000084d00000, 0x0000000084e00000, 0x0000000084e00000|100%| E|CS|TAMS 0x0000000084d00000| PB 0x0000000084d00000| Complete 
|  78|0x0000000084e00000, 0x0000000084f00000, 0x0000000084f00000|100%| E|CS|TAMS 0x0000000084e00000| PB 0x0000000084e00000| Complete 
|  79|0x0000000084f00000, 0x0000000085000000, 0x0000000085000000|100%| E|CS|TAMS 0x0000000084f00000| PB 0x0000000084f00000| Complete 
|  80|0x0000000085000000, 0x0000000085100000, 0x0000000085100000|100%| E|CS|TAMS 0x0000000085000000| PB 0x0000000085000000| Complete 
|  81|0x0000000085100000, 0x0000000085200000, 0x0000000085200000|100%| E|CS|TAMS 0x0000000085100000| PB 0x0000000085100000| Complete 
|  82|0x0000000085200000, 0x0000000085300000, 0x0000000085300000|100%| E|CS|TAMS 0x0000000085200000| PB 0x0000000085200000| Complete 
|  83|0x0000000085300000, 0x0000000085400000, 0x0000000085400000|100%| E|CS|TAMS 0x0000000085300000| PB 0x0000000085300000| Complete 
|  99|0x0000000086300000, 0x0000000086400000, 0x0000000086400000|100%| E|CS|TAMS 0x0000000086300000| PB 0x0000000086300000| Complete 
| 100|0x0000000086400000, 0x0000000086500000, 0x0000000086500000|100%| E|CS|TAMS 0x0000000086400000| PB 0x0000000086400000| Complete 
| 101|0x0000000086500000, 0x0000000086600000, 0x0000000086600000|100%| E|CS|TAMS 0x0000000086500000| PB 0x0000000086500000| Complete 
| 125|0x0000000087d00000, 0x0000000087e00000, 0x0000000087e00000|100%| E|CS|TAMS 0x0000000087d00000| PB 0x0000000087d00000| Complete 
|2042|0x00000000ffa00000, 0x00000000ffb00000, 0x00000000ffb00000|100%| O|  |TAMS 0x00000000ffa00000| PB 0x00000000ffa00000| Untracked 
|2043|0x00000000ffb00000, 0x00000000ffc00000, 0x00000000ffc00000|100%| O|  |TAMS 0x00000000ffb00000| PB 0x00000000ffb00000| Untracked 
|2044|0x00000000ffc00000, 0x00000000ffd00000, 0x00000000ffd00000|100%| O|  |TAMS 0x00000000ffc00000| PB 0x00000000ffc00000| Untracked 
|2045|0x00000000ffd00000, 0x00000000ffe00000, 0x00000000ffe00000|100%| O|  |TAMS 0x00000000ffd00000| PB 0x00000000ffd00000| Untracked 
|2046|0x00000000ffe00000, 0x00000000fff00000, 0x00000000fff00000|100%| O|  |TAMS 0x00000000ffe00000| PB 0x00000000ffe00000| Untracked 
|2047|0x00000000fff00000, 0x0000000100000000, 0x0000000100000000|100%| O|  |TAMS 0x00000000fff00000| PB 0x00000000fff00000| Untracked 

Card table byte_map: [0x000001ad75780000,0x000001ad75b80000] _byte_map_base: 0x000001ad75380000

Marking Bits: (CMBitMap*) 0x000001ad62a04070
 Bits: [0x000001ad75b80000, 0x000001ad77b80000)

Polling page: 0x000001ad60940000

Metaspace:

Usage:
  Non-class:     45.17 MB used.
      Class:      7.01 MB used.
       Both:     52.18 MB used.

Virtual space:
  Non-class space:       64.00 MB reserved,      45.88 MB ( 72%) committed,  1 nodes.
      Class space:        1.00 GB reserved,       7.69 MB ( <1%) committed,  1 nodes.
             Both:        1.06 GB reserved,      53.56 MB (  5%) committed. 

Chunk freelists:
   Non-Class:  1.62 MB
       Class:  8.31 MB
        Both:  9.94 MB

MaxMetaspaceSize: unlimited
CompressedClassSpaceSize: 1.00 GB
Initial GC threshold: 21.00 MB
Current GC threshold: 59.31 MB
CDS: off
 - commit_granule_bytes: 65536.
 - commit_granule_words: 8192.
 - virtual_space_node_default_size: 8388608.
 - enlarge_chunks_in_place: 1.
 - use_allocation_guard: 0.


Internal statistics:

num_allocs_failed_limit: 9.
num_arena_births: 2690.
num_arena_deaths: 0.
num_vsnodes_births: 2.
num_vsnodes_deaths: 0.
num_space_committed: 857.
num_space_uncommitted: 0.
num_chunks_returned_to_freelist: 9.
num_chunks_taken_from_freelist: 4763.
num_chunk_merges: 9.
num_chunk_splits: 3086.
num_chunks_enlarged: 1902.
num_inconsistent_stats: 0.

CodeHeap 'non-profiled nmethods': size=119168Kb used=2525Kb max_used=2525Kb free=116642Kb
 bounds [0x000001ad6d690000, 0x000001ad6d910000, 0x000001ad74af0000]
CodeHeap 'profiled nmethods': size=119104Kb used=9015Kb max_used=9015Kb free=110088Kb
 bounds [0x000001ad65af0000, 0x000001ad663c0000, 0x000001ad6cf40000]
CodeHeap 'non-nmethods': size=7488Kb used=3603Kb max_used=3666Kb free=3884Kb
 bounds [0x000001ad6cf40000, 0x000001ad6d2f0000, 0x000001ad6d690000]
 total_blobs=5241 nmethods=4534 adapters=608
 compilation: enabled
              stopped_count=0, restarted_count=0
 full_count=0

Compilation events (20 events):
Event: 4.251 Thread 0x000001ad7f41b100 4934  s    3       java.lang.invoke.MethodTypeForm::setCachedLambdaForm (44 bytes)
Event: 4.252 Thread 0x000001ad7f41b100 nmethod 4934 0x000001ad663b3c10 code [0x000001ad663b3e20, 0x000001ad663b4738]
Event: 4.255 Thread 0x000001ad7f41b100 4935       1       org.gradle.internal.logging.events.CategorisedOutputEvent::getTimestamp (5 bytes)
Event: 4.255 Thread 0x000001ad7f103080 4936       1       org.gradle.internal.logging.events.CategorisedOutputEvent::getCategory (5 bytes)
Event: 4.256 Thread 0x000001ad7f41b100 nmethod 4935 0x000001ad6d906a10 code [0x000001ad6d906ba0, 0x000001ad6d906c68]
Event: 4.256 Thread 0x000001ad7f103080 nmethod 4936 0x000001ad6d906d10 code [0x000001ad6d906ea0, 0x000001ad6d906f68]
Event: 4.256 Thread 0x000001ad7f41b100 4937       1       java.lang.Long::longValue (5 bytes)
Event: 4.257 Thread 0x000001ad7f41b100 nmethod 4937 0x000001ad6d907010 code [0x000001ad6d9071a0, 0x000001ad6d907268]
Event: 4.258 Thread 0x000001ad7f41b100 4938       3       org.gradle.internal.logging.sink.LogEventDispatcher::onOutput (60 bytes)
Event: 4.259 Thread 0x000001ad7f41b100 nmethod 4938 0x000001ad663b4a10 code [0x000001ad663b4c60, 0x000001ad663b5598]
Event: 4.261 Thread 0x000001ad7f41b100 4939       1       org.gradle.api.attributes.Attribute::hashCode (5 bytes)
Event: 4.261 Thread 0x000001ad7f41b100 nmethod 4939 0x000001ad6d907310 code [0x000001ad6d9074a0, 0x000001ad6d907568]
Event: 4.261 Thread 0x000001ad002b3080 4940       3       com.google.common.collect.ImmutableMapEntry$NonTerminalImmutableMapEntry::<init> (12 bytes)
Event: 4.261 Thread 0x000001ad7f2a2c60 4941       3       com.google.common.collect.RegularImmutableMap::fromEntryArrayCheckingBucketOverflow (282 bytes)
Event: 4.261 Thread 0x000001ad002b3080 nmethod 4940 0x000001ad663b5810 code [0x000001ad663b59e0, 0x000001ad663b5dc8]
Event: 4.262 Thread 0x000001ad7f2a2c60 nmethod 4941 0x000001ad663b5f90 code [0x000001ad663b6380, 0x000001ad663b7fe8]
Event: 4.267 Thread 0x000001ad002b3080 4942       3       java.nio.MappedByteBuffer::limit (8 bytes)
Event: 4.267 Thread 0x000001ad002b3080 nmethod 4942 0x000001ad663b8b90 code [0x000001ad663b8d40, 0x000001ad663b8ef0]
Event: 4.284 Thread 0x000001ad002b3080 4943       3       kotlin.jvm.internal.Lambda::<init> (10 bytes)
Event: 4.284 Thread 0x000001ad002b3080 nmethod 4943 0x000001ad663b9010 code [0x000001ad663b91a0, 0x000001ad663b9308]

GC Heap History (18 events):
Event: 0.390 GC heap before
{Heap before GC invocations=0 (full 0):
 garbage-first heap   total 129024K, used 22528K [0x0000000080000000, 0x0000000100000000)
  region size 1024K, 23 young (23552K), 0 survivors (0K)
 Metaspace       used 7990K, committed 8128K, reserved 1114112K
  class space    used 709K, committed 768K, reserved 1048576K
}
Event: 0.393 GC heap after
{Heap after GC invocations=1 (full 0):
 garbage-first heap   total 129024K, used 4442K [0x0000000080000000, 0x0000000100000000)
  region size 1024K, 3 young (3072K), 3 survivors (3072K)
 Metaspace       used 7990K, committed 8128K, reserved 1114112K
  class space    used 709K, committed 768K, reserved 1048576K
}
Event: 0.823 GC heap before
{Heap before GC invocations=1 (full 0):
 garbage-first heap   total 129024K, used 41306K [0x0000000080000000, 0x0000000100000000)
  region size 1024K, 36 young (36864K), 3 survivors (3072K)
 Metaspace       used 12216K, committed 12480K, reserved 1114112K
  class space    used 1277K, committed 1408K, reserved 1048576K
}
Event: 0.829 GC heap after
{Heap after GC invocations=2 (full 0):
 garbage-first heap   total 129024K, used 12112K [0x0000000080000000, 0x0000000100000000)
  region size 1024K, 4 young (4096K), 4 survivors (4096K)
 Metaspace       used 12216K, committed 12480K, reserved 1114112K
  class space    used 1277K, committed 1408K, reserved 1048576K
}
Event: 1.317 GC heap before
{Heap before GC invocations=2 (full 0):
 garbage-first heap   total 129024K, used 60240K [0x0000000080000000, 0x0000000100000000)
  region size 1024K, 49 young (50176K), 4 survivors (4096K)
 Metaspace       used 14380K, committed 14656K, reserved 1114112K
  class space    used 1566K, committed 1728K, reserved 1048576K
}
Event: 1.326 GC heap after
{Heap after GC invocations=3 (full 0):
 garbage-first heap   total 129024K, used 18482K [0x0000000080000000, 0x0000000100000000)
  region size 1024K, 6 young (6144K), 6 survivors (6144K)
 Metaspace       used 14380K, committed 14656K, reserved 1114112K
  class space    used 1566K, committed 1728K, reserved 1048576K
}
Event: 1.861 GC heap before
{Heap before GC invocations=3 (full 0):
 garbage-first heap   total 129024K, used 39986K [0x0000000080000000, 0x0000000100000000)
  region size 1024K, 28 young (28672K), 6 survivors (6144K)
 Metaspace       used 21194K, committed 21504K, reserved 1114112K
  class space    used 2428K, committed 2560K, reserved 1048576K
}
Event: 1.865 GC heap after
{Heap after GC invocations=4 (full 0):
 garbage-first heap   total 129024K, used 21422K [0x0000000080000000, 0x0000000100000000)
  region size 1024K, 9 young (9216K), 9 survivors (9216K)
 Metaspace       used 21194K, committed 21504K, reserved 1114112K
  class space    used 2428K, committed 2560K, reserved 1048576K
}
Event: 2.512 GC heap before
{Heap before GC invocations=5 (full 0):
 garbage-first heap   total 75776K, used 74670K [0x0000000080000000, 0x0000000100000000)
  region size 1024K, 61 young (62464K), 9 survivors (9216K)
 Metaspace       used 29724K, committed 30336K, reserved 1114112K
  class space    used 3791K, committed 4096K, reserved 1048576K
}
Event: 2.520 GC heap after
{Heap after GC invocations=6 (full 0):
 garbage-first heap   total 88064K, used 24502K [0x0000000080000000, 0x0000000100000000)
  region size 1024K, 6 young (6144K), 6 survivors (6144K)
 Metaspace       used 29724K, committed 30336K, reserved 1114112K
  class space    used 3791K, committed 4096K, reserved 1048576K
}
Event: 2.984 GC heap before
{Heap before GC invocations=6 (full 0):
 garbage-first heap   total 88064K, used 63414K [0x0000000080000000, 0x0000000100000000)
  region size 1024K, 45 young (46080K), 6 survivors (6144K)
 Metaspace       used 35188K, committed 35968K, reserved 1114112K
  class space    used 4688K, committed 5056K, reserved 1048576K
}
Event: 2.989 GC heap after
{Heap after GC invocations=7 (full 0):
 garbage-first heap   total 106496K, used 26811K [0x0000000080000000, 0x0000000100000000)
  region size 1024K, 6 young (6144K), 6 survivors (6144K)
 Metaspace       used 35188K, committed 35968K, reserved 1114112K
  class space    used 4688K, committed 5056K, reserved 1048576K
}
Event: 3.015 GC heap before
{Heap before GC invocations=7 (full 0):
 garbage-first heap   total 106496K, used 28859K [0x0000000080000000, 0x0000000100000000)
  region size 1024K, 9 young (9216K), 6 survivors (6144K)
 Metaspace       used 35515K, committed 36288K, reserved 1114112K
  class space    used 4746K, committed 5120K, reserved 1048576K
}
Event: 3.019 GC heap after
{Heap after GC invocations=8 (full 0):
 garbage-first heap   total 106496K, used 27102K [0x0000000080000000, 0x0000000100000000)
  region size 1024K, 3 young (3072K), 3 survivors (3072K)
 Metaspace       used 35515K, committed 36288K, reserved 1114112K
  class space    used 4746K, committed 5120K, reserved 1048576K
}
Event: 3.624 GC heap before
{Heap before GC invocations=9 (full 0):
 garbage-first heap   total 92160K, used 86494K [0x0000000080000000, 0x0000000100000000)
  region size 1024K, 62 young (63488K), 3 survivors (3072K)
 Metaspace       used 45615K, committed 46784K, reserved 1114112K
  class space    used 6048K, committed 6656K, reserved 1048576K
}
Event: 3.630 GC heap after
{Heap after GC invocations=10 (full 0):
 garbage-first heap   total 96256K, used 32281K [0x0000000080000000, 0x0000000100000000)
  region size 1024K, 8 young (8192K), 8 survivors (8192K)
 Metaspace       used 45615K, committed 46784K, reserved 1114112K
  class space    used 6048K, committed 6656K, reserved 1048576K
}
Event: 3.875 GC heap before
{Heap before GC invocations=10 (full 0):
 garbage-first heap   total 96256K, used 80409K [0x0000000080000000, 0x0000000100000000)
  region size 1024K, 55 young (56320K), 8 survivors (8192K)
 Metaspace       used 47429K, committed 48704K, reserved 1114112K
  class space    used 6328K, committed 6976K, reserved 1048576K
}
Event: 3.881 GC heap after
{Heap after GC invocations=11 (full 0):
 garbage-first heap   total 96256K, used 34059K [0x0000000080000000, 0x0000000100000000)
  region size 1024K, 3 young (3072K), 3 survivors (3072K)
 Metaspace       used 47429K, committed 48704K, reserved 1114112K
  class space    used 6328K, committed 6976K, reserved 1048576K
}

Dll operation events (3 events):
Event: 0.023 Loaded shared library C:\SetupAndriod\jbr\bin\java.dll
Event: 0.027 Loaded shared library C:\SetupAndriod\jbr\bin\zip.dll
Event: 0.424 Loaded shared library C:\SetupAndriod\jbr\bin\verify.dll

Deoptimization events (20 events):
Event: 4.153 Thread 0x000001ad013c0020 Uncommon trap: trap_request=0xffffffde fr.pc=0x000001ad6d8b36fc relative=0x00000000000040fc
Event: 4.153 Thread 0x000001ad013c0020 Uncommon trap: reason=class_check action=maybe_recompile pc=0x000001ad6d8b36fc method=jdk.internal.loader.URLClassPath.getResource(Ljava/lang/String;Z)Ljdk/internal/loader/Resource; @ 53 c2
Event: 4.153 Thread 0x000001ad013c0020 DEOPT PACKING pc=0x000001ad6d8b36fc sp=0x00000035d66f8fc0
Event: 4.153 Thread 0x000001ad013c0020 DEOPT UNPACKING pc=0x000001ad6cf946a2 sp=0x00000035d66f8f38 mode 2
Event: 4.155 Thread 0x000001ad013c0020 Uncommon trap: trap_request=0xffffffde fr.pc=0x000001ad6d8c34fc relative=0x00000000000040fc
Event: 4.155 Thread 0x000001ad013c0020 Uncommon trap: reason=class_check action=maybe_recompile pc=0x000001ad6d8c34fc method=jdk.internal.loader.URLClassPath.getResource(Ljava/lang/String;Z)Ljdk/internal/loader/Resource; @ 53 c2
Event: 4.155 Thread 0x000001ad013c0020 DEOPT PACKING pc=0x000001ad6d8c34fc sp=0x00000035d66f8e10
Event: 4.155 Thread 0x000001ad013c0020 DEOPT UNPACKING pc=0x000001ad6cf946a2 sp=0x00000035d66f8df0 mode 2
Event: 4.198 Thread 0x000001ad013c0020 DEOPT PACKING pc=0x000001ad662d4cb7 sp=0x00000035d66f66f0
Event: 4.198 Thread 0x000001ad013c0020 DEOPT UNPACKING pc=0x000001ad6cf94e42 sp=0x00000035d66f5b78 mode 0
Event: 4.221 Thread 0x000001ad013c0020 DEOPT PACKING pc=0x000001ad663adb00 sp=0x00000035d66f6b30
Event: 4.221 Thread 0x000001ad013c0020 DEOPT UNPACKING pc=0x000001ad6cf94e42 sp=0x00000035d66f5fb8 mode 0
Event: 4.253 Thread 0x000001ad013c0020 DEOPT PACKING pc=0x000001ad663adb00 sp=0x00000035d66f83b0
Event: 4.253 Thread 0x000001ad013c0020 DEOPT UNPACKING pc=0x000001ad6cf94e42 sp=0x00000035d66f7838 mode 0
Event: 4.258 Thread 0x000001ad013c0020 Uncommon trap: trap_request=0xffffffde fr.pc=0x000001ad6d83b49c relative=0x00000000000002dc
Event: 4.258 Thread 0x000001ad013c0020 Uncommon trap: reason=class_check action=maybe_recompile pc=0x000001ad6d83b49c method=java.util.Collections$SetFromMap.remove(Ljava/lang/Object;)Z @ 5 c2
Event: 4.258 Thread 0x000001ad013c0020 DEOPT PACKING pc=0x000001ad6d83b49c sp=0x00000035d66f8aa0
Event: 4.258 Thread 0x000001ad013c0020 DEOPT UNPACKING pc=0x000001ad6cf946a2 sp=0x00000035d66f8a88 mode 2
Event: 4.281 Thread 0x000001ad013c0020 DEOPT PACKING pc=0x000001ad663adb00 sp=0x00000035d66f8560
Event: 4.281 Thread 0x000001ad013c0020 DEOPT UNPACKING pc=0x000001ad6cf94e42 sp=0x00000035d66f79e8 mode 0

Classes loaded (20 events):
Event: 4.115 Loading class java/util/PrimitiveIterator$OfInt
Event: 4.115 Loading class java/util/PrimitiveIterator
Event: 4.115 Loading class java/util/PrimitiveIterator done
Event: 4.115 Loading class java/util/PrimitiveIterator$OfInt done
Event: 4.117 Loading class java/util/concurrent/RecursiveAction
Event: 4.118 Loading class java/util/concurrent/RecursiveAction done
Event: 4.140 Loading class java/util/concurrent/atomic/AtomicReferenceFieldUpdater
Event: 4.141 Loading class java/util/concurrent/atomic/AtomicReferenceFieldUpdater done
Event: 4.141 Loading class java/util/concurrent/atomic/AtomicReferenceFieldUpdater$AtomicReferenceFieldUpdaterImpl
Event: 4.141 Loading class java/util/concurrent/atomic/AtomicReferenceFieldUpdater$AtomicReferenceFieldUpdaterImpl done
Event: 4.141 Loading class java/util/concurrent/atomic/AtomicReferenceFieldUpdater$AtomicReferenceFieldUpdaterImpl$1
Event: 4.141 Loading class java/util/concurrent/atomic/AtomicReferenceFieldUpdater$AtomicReferenceFieldUpdaterImpl$1 done
Event: 4.235 Loading class java/lang/StringIndexOutOfBoundsException
Event: 4.235 Loading class java/lang/StringIndexOutOfBoundsException done
Event: 4.259 Loading class java/util/stream/DistinctOps
Event: 4.259 Loading class java/util/stream/DistinctOps done
Event: 4.259 Loading class java/util/stream/DistinctOps$1
Event: 4.259 Loading class java/util/stream/DistinctOps$1 done
Event: 4.260 Loading class java/util/stream/DistinctOps$1$2
Event: 4.260 Loading class java/util/stream/DistinctOps$1$2 done

Classes unloaded (0 events):
No events

Classes redefined (0 events):
No events

Internal exceptions (20 events):
Event: 4.029 Thread 0x000001ad013c0020 Exception <a 'java/lang/NoSuchMethodError'{0x0000000084c6b908}: 'int java.lang.invoke.DirectMethodHandle$Holder.invokeInterface(java.lang.Object, java.lang.Object, java.lang.Object, java.lang.Object)'> (0x0000000084c6b908) 
thrown [s\src\hotspot\share\interpreter\linkResolver.cpp, line 784]
Event: 4.053 Thread 0x000001ad013c0020 Exception <a 'java/lang/NoSuchMethodError'{0x0000000084ac40f8}: 'java.lang.Object java.lang.invoke.DirectMethodHandle$Holder.invokeStatic(java.lang.Object, long, java.lang.Object)'> (0x0000000084ac40f8) 
thrown [s\src\hotspot\share\interpreter\linkResolver.cpp, line 784]
Event: 4.053 Thread 0x000001ad013c0020 Exception <a 'java/lang/NoSuchMethodError'{0x0000000084acb2f0}: 'java.lang.Object java.lang.invoke.DirectMethodHandle$Holder.newInvokeSpecial(java.lang.Object, long)'> (0x0000000084acb2f0) 
thrown [s\src\hotspot\share\interpreter\linkResolver.cpp, line 784]
Event: 4.058 Thread 0x000001ad013c0020 Exception <a 'java/lang/NoSuchMethodError'{0x0000000084925cb8}: 'java.lang.Object java.lang.invoke.DirectMethodHandle$Holder.newInvokeSpecial(java.lang.Object, java.lang.Object, java.lang.Object, java.lang.Object, java.lang.Object, long)'> (0x0000000084925cb8) 
thrown [s\src\hotspot\share\interpreter\linkResolver.cpp, line 784]
Event: 4.058 Thread 0x000001ad013c0020 Exception <a 'java/lang/NoSuchMethodError'{0x000000008492ab48}: 'java.lang.Object java.lang.invoke.DirectMethodHandle$Holder.invokeSpecial(java.lang.Object, java.lang.Object, java.lang.Object, java.lang.Object, java.lang.Object, java.lang.Object, long)'> (0x000000008492ab48) 
thrown [s\src\hotspot\share\interpreter\linkResolver.cpp, line 784]
Event: 4.058 Thread 0x000001ad013c0020 Exception <a 'java/lang/NoSuchMethodError'{0x000000008492f128}: 'java.lang.Object java.lang.invoke.Invokers$Holder.linkToTargetMethod(java.lang.Object, java.lang.Object, java.lang.Object, java.lang.Object, long, java.lang.Object)'> (0x000000008492f128) 
thrown [s\src\hotspot\share\interpreter\linkResolver.cpp, line 784]
Event: 4.062 Thread 0x000001ad013c0020 Exception <a 'java/lang/NoSuchMethodError'{0x00000000849772f0}: 'java.lang.Object java.lang.invoke.DirectMethodHandle$Holder.newInvokeSpecial(java.lang.Object, java.lang.Object, java.lang.Object, long)'> (0x00000000849772f0) 
thrown [s\src\hotspot\share\interpreter\linkResolver.cpp, line 784]
Event: 4.062 Thread 0x000001ad013c0020 Exception <a 'java/lang/NoSuchMethodError'{0x000000008497be00}: 'java.lang.Object java.lang.invoke.DirectMethodHandle$Holder.invokeSpecial(java.lang.Object, java.lang.Object, java.lang.Object, java.lang.Object, long)'> (0x000000008497be00) 
thrown [s\src\hotspot\share\interpreter\linkResolver.cpp, line 784]
Event: 4.062 Thread 0x000001ad013c0020 Exception <a 'java/lang/NoSuchMethodError'{0x000000008497ffc0}: 'java.lang.Object java.lang.invoke.Invokers$Holder.linkToTargetMethod(java.lang.Object, java.lang.Object, long, java.lang.Object)'> (0x000000008497ffc0) 
thrown [s\src\hotspot\share\interpreter\linkResolver.cpp, line 784]
Event: 4.086 Thread 0x000001ad013c0020 Exception <a 'java/lang/NoSuchMethodError'{0x00000000847aa8a0}: 'java.lang.Object java.lang.invoke.DirectMethodHandle$Holder.newInvokeSpecial(java.lang.Object, java.lang.Object, java.lang.Object, java.lang.Object, java.lang.Object, java.lang.Object, java.lang.Object, java.lang.Object, java.lang.Object, java.lang.Object, java.lang.Object, java.lang.Object, java.lang.Object, java.lang.Object, java.lang.Object, java.lang.Object, java.lang.Object, java.lang.Object, java.lang.Object, java.lang.Object, java.lang
Event: 4.110 Thread 0x000001ad013c0020 Implicit null exception at 0x000001ad6d755100 to 0x000001ad6d7551b4
Event: 4.179 Thread 0x000001ad013c0020 Exception <a 'java/lang/NoSuchMethodError'{0x0000000083d36918}: 'java.lang.Object java.lang.invoke.DirectMethodHandle$Holder.newInvokeSpecial(java.lang.Object, java.lang.Object, java.lang.Object, java.lang.Object, java.lang.Object, java.lang.Object, java.lang.Object, java.lang.Object, java.lang.Object, java.lang.Object, java.lang.Object, java.lang.Object, java.lang.Object, java.lang.Object, java.lang.Object, java.lang.Object, java.lang.Object, java.lang.Object, java.lang.Object)'> (0x0000000083d36918) 
thr
Event: 4.179 Thread 0x000001ad013c0020 Exception <a 'java/lang/NoSuchMethodError'{0x0000000083d3d2e8}: 'java.lang.Object java.lang.invoke.DirectMethodHandle$Holder.invokeSpecial(java.lang.Object, java.lang.Object, java.lang.Object, java.lang.Object, java.lang.Object, java.lang.Object, java.lang.Object, java.lang.Object, java.lang.Object, java.lang.Object, java.lang.Object, java.lang.Object, java.lang.Object, java.lang.Object, java.lang.Object, java.lang.Object, java.lang.Object, java.lang.Object, java.lang.Object, java.lang.Object)'> (0x0000000
Event: 4.179 Thread 0x000001ad013c0020 Exception <a 'java/lang/NoSuchMethodError'{0x0000000083d42b38}: 'java.lang.Object java.lang.invoke.DelegatingMethodHandle$Holder.reinvoke_L(java.lang.Object, java.lang.Object, java.lang.Object, java.lang.Object, java.lang.Object, java.lang.Object, java.lang.Object, java.lang.Object, java.lang.Object, java.lang.Object, java.lang.Object, java.lang.Object, java.lang.Object, java.lang.Object, java.lang.Object, java.lang.Object, java.lang.Object, java.lang.Object, java.lang.Object)'> (0x0000000083d42b38) 
throw
Event: 4.187 Thread 0x000001ad013c0020 Exception <a 'java/lang/IncompatibleClassChangeError'{0x0000000083c0cb80}: Found class java.lang.Object, but interface was expected> (0x0000000083c0cb80) 
thrown [s\src\hotspot\share\interpreter\linkResolver.cpp, line 851]
Event: 4.189 Thread 0x000001ad013c0020 Exception <a 'java/lang/NoSuchMethodError'{0x0000000083c22b60}: 'java.lang.Object java.lang.invoke.DirectMethodHandle$Holder.invokeVirtual(java.lang.Object, java.lang.Object, java.lang.Object, java.lang.Object, java.lang.Object, java.lang.Object, java.lang.Object, java.lang.Object, java.lang.Object, java.lang.Object, java.lang.Object, java.lang.Object, java.lang.Object)'> (0x0000000083c22b60) 
thrown [s\src\hotspot\share\interpreter\linkResolver.cpp, line 784]
Event: 4.217 Thread 0x000001ad013c0020 Exception <a 'java/lang/NoSuchMethodError'{0x000000008395bb30}: 'java.lang.Object java.lang.invoke.DirectMethodHandle$Holder.newInvokeSpecial(java.lang.Object, int, java.lang.Object)'> (0x000000008395bb30) 
thrown [s\src\hotspot\share\interpreter\linkResolver.cpp, line 784]
Event: 4.242 Thread 0x000001ad013c0020 Exception <a 'java/lang/NoSuchMethodError'{0x0000000083779330}: 'java.lang.Object java.lang.invoke.DirectMethodHandle$Holder.invokeSpecial(java.lang.Object, java.lang.Object, long, java.lang.Object, java.lang.Object)'> (0x0000000083779330) 
thrown [s\src\hotspot\share\interpreter\linkResolver.cpp, line 784]
Event: 4.251 Thread 0x000001ad013c0020 Exception <a 'java/lang/NoSuchMethodError'{0x00000000836499d0}: 'java.lang.Object java.lang.invoke.DirectMethodHandle$Holder.newInvokeSpecial(java.lang.Object, java.lang.Object, int, java.lang.Object)'> (0x00000000836499d0) 
thrown [s\src\hotspot\share\interpreter\linkResolver.cpp, line 784]
Event: 4.251 Thread 0x000001ad013c0020 Exception <a 'java/lang/NoSuchMethodError'{0x000000008364e210}: 'java.lang.Object java.lang.invoke.DirectMethodHandle$Holder.invokeSpecial(java.lang.Object, java.lang.Object, java.lang.Object, int, java.lang.Object)'> (0x000000008364e210) 
thrown [s\src\hotspot\share\interpreter\linkResolver.cpp, line 784]

ZGC Phase Switch (0 events):
No events

VM Operations (20 events):
Event: 3.603 Executing VM operation: HandshakeAllThreads (Deoptimize)
Event: 3.603 Executing VM operation: HandshakeAllThreads (Deoptimize) done
Event: 3.620 Executing VM operation: ICBufferFull
Event: 3.620 Executing VM operation: ICBufferFull done
Event: 3.624 Executing VM operation: G1CollectForAllocation (G1 Evacuation Pause)
Event: 3.630 Executing VM operation: G1CollectForAllocation (G1 Evacuation Pause) done
Event: 3.813 Executing VM operation: HandshakeAllThreads (Deoptimize)
Event: 3.813 Executing VM operation: HandshakeAllThreads (Deoptimize) done
Event: 3.831 Executing VM operation: HandshakeAllThreads (Deoptimize)
Event: 3.831 Executing VM operation: HandshakeAllThreads (Deoptimize) done
Event: 3.875 Executing VM operation: G1CollectForAllocation (G1 Evacuation Pause)
Event: 3.881 Executing VM operation: G1CollectForAllocation (G1 Evacuation Pause) done
Event: 3.998 Executing VM operation: HandshakeAllThreads (Deoptimize)
Event: 3.999 Executing VM operation: HandshakeAllThreads (Deoptimize) done
Event: 4.028 Executing VM operation: HandshakeAllThreads (Deoptimize)
Event: 4.028 Executing VM operation: HandshakeAllThreads (Deoptimize) done
Event: 4.256 Executing VM operation: ICBufferFull
Event: 4.256 Executing VM operation: ICBufferFull done
Event: 4.260 Executing VM operation: HandshakeAllThreads (Deoptimize)
Event: 4.260 Executing VM operation: HandshakeAllThreads (Deoptimize) done

Memory protections (0 events):
No events

Nmethod flushes (20 events):
Event: 3.027 Thread 0x000001ad7f02d070 flushing  nmethod 0x000001ad65b47a90
Event: 3.027 Thread 0x000001ad7f02d070 flushing  nmethod 0x000001ad65b48710
Event: 3.027 Thread 0x000001ad7f02d070 flushing  nmethod 0x000001ad65b49c90
Event: 3.027 Thread 0x000001ad7f02d070 flushing  nmethod 0x000001ad65b4a110
Event: 3.027 Thread 0x000001ad7f02d070 flushing  nmethod 0x000001ad65b4a810
Event: 3.027 Thread 0x000001ad7f02d070 flushing  nmethod 0x000001ad65b4b390
Event: 3.027 Thread 0x000001ad7f02d070 flushing  nmethod 0x000001ad65b9cc90
Event: 3.027 Thread 0x000001ad7f02d070 flushing  nmethod 0x000001ad65c44210
Event: 3.027 Thread 0x000001ad7f02d070 flushing  nmethod 0x000001ad65c45710
Event: 3.027 Thread 0x000001ad7f02d070 flushing  nmethod 0x000001ad65c47390
Event: 3.027 Thread 0x000001ad7f02d070 flushing  nmethod 0x000001ad65ccf510
Event: 3.027 Thread 0x000001ad7f02d070 flushing  nmethod 0x000001ad65ccfd10
Event: 3.027 Thread 0x000001ad7f02d070 flushing  nmethod 0x000001ad65cd0990
Event: 3.027 Thread 0x000001ad7f02d070 flushing  nmethod 0x000001ad65cd2810
Event: 3.027 Thread 0x000001ad7f02d070 flushing  nmethod 0x000001ad65e45610
Event: 3.027 Thread 0x000001ad7f02d070 flushing  nmethod 0x000001ad65ecdc10
Event: 3.027 Thread 0x000001ad7f02d070 flushing  nmethod 0x000001ad65ed6290
Event: 3.027 Thread 0x000001ad7f02d070 flushing  nmethod 0x000001ad65f47d90
Event: 3.027 Thread 0x000001ad7f02d070 flushing  nmethod 0x000001ad65f48090
Event: 3.027 Thread 0x000001ad7f02d070 flushing  nmethod 0x000001ad65f48b10

Events (20 events):
Event: 1.704 Thread 0x000001ad7f103080 Thread added: 0x000001ad01676c30
Event: 1.749 Thread 0x000001ad607210d0 Thread added: 0x000001ad7f0ee170
Event: 1.794 Thread 0x000001ad7f0ecdc0 Thread added: 0x000001ad013bdf50
Event: 1.796 Thread 0x000001ad013bdf50 Thread added: 0x000001ad013c3b30
Event: 1.813 Thread 0x000001ad013bdf50 Thread added: 0x000001ad013c41c0
Event: 1.820 Thread 0x000001ad013bdf50 Thread added: 0x000001ad013c0020
Event: 1.826 Thread 0x000001ad013c0020 Thread added: 0x000001ad013c06b0
Event: 1.829 Thread 0x000001ad013c0020 Thread added: 0x000001ad013be5e0
Event: 1.830 Thread 0x000001ad013c0020 Thread added: 0x000001ad013c0d40
Event: 2.119 Thread 0x000001ad013c0020 Thread added: 0x000001ad013c20f0
Event: 2.125 Thread 0x000001ad013c0020 Thread added: 0x000001ad013bec70
Event: 2.143 Thread 0x000001ad013c0020 Thread added: 0x000001ad013c2e10
Event: 2.734 Thread 0x000001ad013c0020 Thread added: 0x000001ad013c34a0
Event: 2.744 Thread 0x000001ad013c0020 Thread added: 0x000001ad013c13d0
Event: 2.877 Thread 0x000001ad013c0020 Thread added: 0x000001ad013bf300
Event: 2.881 Thread 0x000001ad013c0020 Thread added: 0x000001ad013bf990
Event: 3.075 Thread 0x000001ad013c0020 Thread added: 0x000001ad013c1a60
Event: 3.102 Thread 0x000001ad013c0020 Thread added: 0x000001ad013bd230
Event: 3.200 Thread 0x000001ad013c0020 Thread added: 0x000001ad013c4850
Event: 3.267 Thread 0x000001ad013c0020 Thread added: 0x000001ad013bd8c0


Dynamic libraries:
0x00007ff636bc0000 - 0x00007ff636bca000 	C:\SetupAndriod\jbr\bin\java.exe
0x00007ff86b410000 - 0x00007ff86b627000 	C:\WINDOWS\SYSTEM32\ntdll.dll
0x00007ff86a260000 - 0x00007ff86a324000 	C:\WINDOWS\System32\KERNEL32.DLL
0x00007ff8686e0000 - 0x00007ff868ab2000 	C:\WINDOWS\System32\KERNELBASE.dll
0x00007ff868e10000 - 0x00007ff868f21000 	C:\WINDOWS\System32\ucrtbase.dll
0x00007ff8633e0000 - 0x00007ff8633fb000 	C:\SetupAndriod\jbr\bin\VCRUNTIME140.dll
0x00007ff842770000 - 0x00007ff842788000 	C:\SetupAndriod\jbr\bin\jli.dll
0x00007ff8692a0000 - 0x00007ff869451000 	C:\WINDOWS\System32\USER32.dll
0x00007ff868630000 - 0x00007ff868656000 	C:\WINDOWS\System32\win32u.dll
0x00007ff852e30000 - 0x00007ff8530cb000 	C:\WINDOWS\WinSxS\amd64_microsoft.windows.common-controls_6595b64144ccf1df_6.0.22621.5415_none_270d77d17387d7da\COMCTL32.dll
0x00007ff8691e0000 - 0x00007ff869209000 	C:\WINDOWS\System32\GDI32.dll
0x00007ff8696d0000 - 0x00007ff869777000 	C:\WINDOWS\System32\msvcrt.dll
0x00007ff868500000 - 0x00007ff868623000 	C:\WINDOWS\System32\gdi32full.dll
0x00007ff868b80000 - 0x00007ff868c1a000 	C:\WINDOWS\System32\msvcp_win.dll
0x00007ff8698f0000 - 0x00007ff869921000 	C:\WINDOWS\System32\IMM32.DLL
0x00007ff8633d0000 - 0x00007ff8633dc000 	C:\SetupAndriod\jbr\bin\vcruntime140_1.dll
0x00007ff807050000 - 0x00007ff8070dd000 	C:\SetupAndriod\jbr\bin\msvcp140.dll
0x00007fffba8e0000 - 0x00007fffbb563000 	C:\SetupAndriod\jbr\bin\server\jvm.dll
0x00007ff8690a0000 - 0x00007ff869151000 	C:\WINDOWS\System32\ADVAPI32.dll
0x00007ff86b320000 - 0x00007ff86b3c8000 	C:\WINDOWS\System32\sechost.dll
0x00007ff869070000 - 0x00007ff869098000 	C:\WINDOWS\System32\bcrypt.dll
0x00007ff86abc0000 - 0x00007ff86acd4000 	C:\WINDOWS\System32\RPCRT4.dll
0x00007ff869160000 - 0x00007ff8691d1000 	C:\WINDOWS\System32\WS2_32.dll
0x00007ff867490000 - 0x00007ff8674dd000 	C:\WINDOWS\SYSTEM32\POWRPROF.dll
0x00007ff8619b0000 - 0x00007ff8619ba000 	C:\WINDOWS\SYSTEM32\VERSION.dll
0x00007ff864030000 - 0x00007ff864064000 	C:\WINDOWS\SYSTEM32\WINMM.dll
0x00007ff8673c0000 - 0x00007ff8673d3000 	C:\WINDOWS\SYSTEM32\UMPDC.dll
0x00007ff8675e0000 - 0x00007ff8675f8000 	C:\WINDOWS\SYSTEM32\kernel.appcore.dll
0x00007ff8633c0000 - 0x00007ff8633ca000 	C:\SetupAndriod\jbr\bin\jimage.dll
0x00007ff865f10000 - 0x00007ff866143000 	C:\WINDOWS\SYSTEM32\DBGHELP.DLL
0x00007ff86a520000 - 0x00007ff86a8b3000 	C:\WINDOWS\System32\combase.dll
0x00007ff86aae0000 - 0x00007ff86abb7000 	C:\WINDOWS\System32\OLEAUT32.dll
0x00007ff848ab0000 - 0x00007ff848ae2000 	C:\WINDOWS\SYSTEM32\dbgcore.DLL
0x00007ff868660000 - 0x00007ff8686db000 	C:\WINDOWS\System32\bcryptPrimitives.dll
0x00007ff844860000 - 0x00007ff84486e000 	C:\SetupAndriod\jbr\bin\instrument.dll
0x00007ff8633a0000 - 0x00007ff8633c0000 	C:\SetupAndriod\jbr\bin\java.dll
0x00007ff84ea80000 - 0x00007ff84ea98000 	C:\SetupAndriod\jbr\bin\zip.dll
0x00007ff869940000 - 0x00007ff86a1e2000 	C:\WINDOWS\System32\SHELL32.dll
0x00007ff868f30000 - 0x00007ff86906f000 	C:\WINDOWS\System32\wintypes.dll
0x00007ff8663e0000 - 0x00007ff866cfe000 	C:\WINDOWS\SYSTEM32\windows.storage.dll
0x00007ff86a9d0000 - 0x00007ff86aadb000 	C:\WINDOWS\System32\SHCORE.dll
0x00007ff869230000 - 0x00007ff869299000 	C:\WINDOWS\System32\shlwapi.dll
0x00007ff868430000 - 0x00007ff86845b000 	C:\WINDOWS\SYSTEM32\profapi.dll
0x00007ff84f770000 - 0x00007ff84f780000 	C:\SetupAndriod\jbr\bin\net.dll
0x00007ff8642c0000 - 0x00007ff8643ec000 	C:\WINDOWS\SYSTEM32\WINHTTP.dll
0x00007ff867a60000 - 0x00007ff867ac9000 	C:\WINDOWS\system32\mswsock.dll
0x00007ff84ea60000 - 0x00007ff84ea76000 	C:\SetupAndriod\jbr\bin\nio.dll
0x00007ff84ea50000 - 0x00007ff84ea60000 	C:\SetupAndriod\jbr\bin\verify.dll
0x00007ff834f10000 - 0x00007ff834f37000 	C:\Users\ASUS\.gradle\native\c067742578af261105cb4f569cf0c3c89f3d7b1fecec35dd04571415982c5e48\windows-amd64\native-platform.dll
0x00007ff848940000 - 0x00007ff848a84000 	C:\Users\ASUS\.gradle\native\100fb08df4bc3b14c8652ba06237920a3bd2aa13389f12d3474272988ae205f9\windows-amd64\native-platform-file-events.dll
0x00007ff84e2e0000 - 0x00007ff84e2e9000 	C:\SetupAndriod\jbr\bin\management.dll
0x00007ff84d9b0000 - 0x00007ff84d9bb000 	C:\SetupAndriod\jbr\bin\management_ext.dll
0x00007ff869930000 - 0x00007ff869938000 	C:\WINDOWS\System32\PSAPI.DLL
0x00007ff867ca0000 - 0x00007ff867cbb000 	C:\WINDOWS\SYSTEM32\CRYPTSP.dll
0x00007ff867540000 - 0x00007ff867577000 	C:\WINDOWS\system32\rsaenh.dll
0x00007ff867b20000 - 0x00007ff867b48000 	C:\WINDOWS\SYSTEM32\USERENV.dll
0x00007ff867c90000 - 0x00007ff867c9c000 	C:\WINDOWS\SYSTEM32\CRYPTBASE.dll
0x00007ff866f60000 - 0x00007ff866f8d000 	C:\WINDOWS\SYSTEM32\IPHLPAPI.DLL
0x00007ff86a250000 - 0x00007ff86a259000 	C:\WINDOWS\System32\NSI.dll
0x00007ff84e9e0000 - 0x00007ff84e9e9000 	C:\SetupAndriod\jbr\bin\extnet.dll
0x00007ff8342d0000 - 0x00007ff8342d8000 	C:\WINDOWS\system32\wshunix.dll

dbghelp: loaded successfully - version: 4.0.5 - missing functions: none
symbol engine: initialized successfully - sym options: 0x614 - pdb path: .;C:\SetupAndriod\jbr\bin;C:\WINDOWS\SYSTEM32;C:\WINDOWS\WinSxS\amd64_microsoft.windows.common-controls_6595b64144ccf1df_6.0.22621.5415_none_270d77d17387d7da;C:\SetupAndriod\jbr\bin\server;C:\Users\ASUS\.gradle\native\c067742578af261105cb4f569cf0c3c89f3d7b1fecec35dd04571415982c5e48\windows-amd64;C:\Users\ASUS\.gradle\native\100fb08df4bc3b14c8652ba06237920a3bd2aa13389f12d3474272988ae205f9\windows-amd64

VM Arguments:
jvm_args: --add-opens=java.base/java.util=ALL-UNNAMED --add-opens=java.base/java.lang=ALL-UNNAMED --add-opens=java.base/java.lang.invoke=ALL-UNNAMED --add-opens=java.prefs/java.util.prefs=ALL-UNNAMED --add-exports=jdk.compiler/com.sun.tools.javac.api=ALL-UNNAMED --add-exports=jdk.compiler/com.sun.tools.javac.util=ALL-UNNAMED --add-opens=java.base/java.nio.charset=ALL-UNNAMED --add-opens=java.base/java.net=ALL-UNNAMED --add-opens=java.base/java.util.concurrent.atomic=ALL-UNNAMED -Xmx2048m -Dfile.encoding=UTF-8 -Duser.country=US -Duser.language=en -Duser.variant -javaagent:C:\Users\ASUS\.gradle\wrapper\dists\gradle-8.10.2-bin\a04bxjujx95o3nb99gddekhwo\gradle-8.10.2\lib\agents\gradle-instrumentation-agent-8.10.2.jar 
java_command: org.gradle.launcher.daemon.bootstrap.GradleDaemon 8.10.2
java_class_path (initial): C:\Users\ASUS\.gradle\wrapper\dists\gradle-8.10.2-bin\a04bxjujx95o3nb99gddekhwo\gradle-8.10.2\lib\gradle-daemon-main-8.10.2.jar
Launcher Type: SUN_STANDARD

[Global flags]
     intx CICompilerCount                          = 12                                        {product} {ergonomic}
     uint ConcGCThreads                            = 3                                         {product} {ergonomic}
     uint G1ConcRefinementThreads                  = 13                                        {product} {ergonomic}
   size_t G1HeapRegionSize                         = 1048576                                   {product} {ergonomic}
    uintx GCDrainStackTargetSize                   = 64                                        {product} {ergonomic}
   size_t InitialHeapSize                          = 132120576                                 {product} {ergonomic}
   size_t MarkStackSize                            = 4194304                                   {product} {ergonomic}
   size_t MaxHeapSize                              = 2147483648                                {product} {command line}
   size_t MaxNewSize                               = 1287651328                                {product} {ergonomic}
   size_t MinHeapDeltaBytes                        = 1048576                                   {product} {ergonomic}
   size_t MinHeapSize                              = 8388608                                   {product} {ergonomic}
    uintx NonNMethodCodeHeapSize                   = 7602480                                {pd product} {ergonomic}
    uintx NonProfiledCodeHeapSize                  = 122027880                              {pd product} {ergonomic}
    uintx ProfiledCodeHeapSize                     = 122027880                              {pd product} {ergonomic}
    uintx ReservedCodeCacheSize                    = 251658240                              {pd product} {ergonomic}
     bool SegmentedCodeCache                       = true                                      {product} {ergonomic}
   size_t SoftMaxHeapSize                          = 2147483648                             {manageable} {ergonomic}
     bool UseCompressedOops                        = true                           {product lp64_product} {ergonomic}
     bool UseG1GC                                  = true                                      {product} {ergonomic}
     bool UseLargePagesIndividualAllocation        = false                                  {pd product} {ergonomic}

Logging:
Log output configuration:
 #0: stdout all=warning uptime,level,tags foldmultilines=false
 #1: stderr all=off uptime,level,tags foldmultilines=false

Environment Variables:
JAVA_HOME=C:\Program Files\Java\jdk-17
PATH=C:\Program Files\Common Files\Oracle\Java\javapath;C:\WINDOWS\system32;C:\WINDOWS;C:\WINDOWS\System32\Wbem;C:\WINDOWS\System32\WindowsPowerShell\v1.0\;C:\WINDOWS\System32\OpenSSH\;C:\Program Files\Wolfram Research\WolframScript\;C:\Program Files\Java\jdk-17\bin;D:\Microsoft.NET\Primary Interop Assemblies;C:\MinGW\bin;C:\Program Files\nodejs\;C:\ProgramData\ComposerSetup\bin;C:\php-8.3.7-nts-Win32-vs16-x64;C:\Program Files\Git\cmd;C:\Users\ASUS\AppData\Local\Programs\Python\Python311\Scripts\;C:\Users\ASUS\AppData\Local\Programs\Python\Python311\;C:\Program Files\MySQL\MySQL Shell 8.0\bin\;C:\Users\ASUS\AppData\Local\Microsoft\WindowsApps;C:\Users\ASUS\AppData\Local\Programs\Microsoft VS Code\bin;C:\JAVA\IntelliJ IDEA Community Edition 2022.3.2\bin;;C:\MinGW\bin;C:\Users\ASUS\AppData\Roaming\npm;C:\Users\ASUS\AppData\Roaming\Composer\vendor\bin;C:\xammppinstall\php
USERNAME=ASUS
OS=Windows_NT
PROCESSOR_IDENTIFIER=Intel64 Family 6 Model 165 Stepping 2, GenuineIntel
TMP=C:\Users\ASUS\AppData\Local\Temp
TEMP=C:\Users\ASUS\AppData\Local\Temp




Periodic native trim disabled

JNI global refs:
JNI global refs: 33, weak refs: 1

JNI global refs memory usage: 835, weak refs: 833

Process memory usage:
Resident Set Size: 283948K (3% of 8220348K total physical memory with 482460K free physical memory)

OOME stack traces (most recent first):
Classloader memory used:
Loader org.gradle.internal.classloader.VisitableURLClassLoader                         : 25689K
Loader bootstrap                                                                       : 21647K
Loader org.gradle.initialization.MixInLegacyTypesClassLoader                           : 5413K
Loader jdk.internal.loader.ClassLoaders$PlatformClassLoader                            : 512K
Loader jdk.internal.loader.ClassLoaders$AppClassLoader                                 : 234K
Loader org.gradle.internal.classloader.VisitableURLClassLoader                         : 19232B

Classes loaded by more than one classloader:
Class org.gradle.internal.classloader.FilteringClassLoader                            : loaded 2 times (x 101B)
Class org.gradle.internal.classloader.ClassLoaderHierarchy                            : loaded 2 times (x 66B)
Class org.gradle.api.internal.classpath.ManifestUtil                                  : loaded 2 times (x 67B)
Class org.gradle.internal.classloader.DefaultClassLoaderFactory                       : loaded 2 times (x 78B)
Class org.gradle.internal.classloader.ClassLoaderVisitor                              : loaded 2 times (x 72B)
Class org.gradle.api.internal.classpath.EffectiveClassPath                            : loaded 2 times (x 86B)
Class org.gradle.api.internal.DefaultClassPathProvider                                : loaded 2 times (x 72B)
Class [Lorg.gradle.api.internal.ClassPathProvider;                                    : loaded 2 times (x 65B)
Class org.gradle.api.internal.ClassPathProvider                                       : loaded 2 times (x 66B)
Class org.gradle.internal.service.UnknownServiceException                             : loaded 2 times (x 79B)
Class org.gradle.internal.classpath.TransformedClassPath                              : loaded 2 times (x 92B)
Class org.gradle.internal.classloader.InstrumentingClassLoader                        : loaded 2 times (x 66B)
Class org.gradle.internal.service.ServiceLocator                                      : loaded 2 times (x 66B)
Class org.gradle.internal.InternalTransformer                                         : loaded 2 times (x 66B)
Class org.gradle.internal.classloader.ClasspathUtil$1                                 : loaded 2 times (x 72B)
Class org.gradle.api.internal.classpath.DefaultModuleRegistry$DefaultModule           : loaded 2 times (x 82B)
Class org.gradle.api.internal.classpath.Module                                        : loaded 2 times (x 66B)
Class org.gradle.api.internal.classpath.UnknownModuleException                        : loaded 2 times (x 78B)
Class org.gradle.api.internal.DefaultClassPathRegistry                                : loaded 2 times (x 72B)
Class org.gradle.api.internal.ClassPathRegistry                                       : loaded 2 times (x 66B)
Class org.gradle.internal.classpath.DefaultClassPath$ImmutableUniqueList              : loaded 2 times (x 195B)
Class org.gradle.internal.classpath.ClassPath                                         : loaded 2 times (x 66B)
Class org.gradle.api.UncheckedIOException                                             : loaded 2 times (x 78B)
Class org.gradle.internal.installation.GradleInstallation$1                           : loaded 2 times (x 71B)
Class org.gradle.api.internal.classpath.ModuleRegistry                                : loaded 2 times (x 66B)
Class org.gradle.api.internal.classpath.DefaultModuleRegistry                         : loaded 2 times (x 82B)
Class org.gradle.internal.service.ServiceLookupException                              : loaded 2 times (x 78B)
Class org.gradle.internal.classloader.ClassLoaderFactory                              : loaded 2 times (x 66B)
Class org.gradle.internal.service.CachingServiceLocator                               : loaded 2 times (x 78B)
Class org.gradle.internal.classloader.ClasspathUtil                                   : loaded 2 times (x 67B)
Class org.gradle.api.specs.Spec                                                       : loaded 2 times (x 66B)
Class org.gradle.internal.classloader.VisitableURLClassLoader$InstrumentingVisitableURLClassLoader: loaded 2 times (x 119B)
Class org.gradle.internal.classloader.VisitableURLClassLoader$Spec                    : loaded 2 times (x 70B)
Class org.gradle.internal.classpath.DefaultClassPath                                  : loaded 2 times (x 86B)
Class org.gradle.internal.classloader.ClassLoaderSpec                                 : loaded 2 times (x 67B)
Class org.gradle.internal.classloader.VisitableURLClassLoader                         : loaded 2 times (x 113B)
Class org.gradle.internal.Cast                                                        : loaded 2 times (x 67B)
Class org.gradle.api.Action                                                           : loaded 2 times (x 66B)
Class org.gradle.internal.classpath.DefaultClassPath$ImmutableUniqueList$Builder      : loaded 2 times (x 71B)
Class org.gradle.api.GradleException                                                  : loaded 2 times (x 78B)
Class org.gradle.internal.IoActions                                                   : loaded 2 times (x 67B)
Class org.gradle.internal.classloader.SystemClassLoaderSpec                           : loaded 2 times (x 67B)
Class org.gradle.api.internal.classpath.GlobalCacheRootsProvider                      : loaded 2 times (x 66B)
Class org.gradle.internal.installation.CurrentGradleInstallationLocator               : loaded 2 times (x 67B)
Class org.gradle.internal.service.DefaultServiceLocator                               : loaded 2 times (x 79B)
Class org.gradle.internal.installation.CurrentGradleInstallation                      : loaded 2 times (x 69B)
Class org.gradle.util.internal.GUtil                                                  : loaded 2 times (x 67B)
Class org.gradle.internal.installation.GradleInstallation                             : loaded 2 times (x 71B)

---------------  S Y S T E M  ---------------

OS:
 Windows 11 , 64 bit Build 22621 (10.0.22621.5415)
OS uptime: 0 days 1:40 hours
Hyper-V role detected

CPU: total 16 (initial active 16) (8 cores per cpu, 2 threads per core) family 6 model 165 stepping 2 microcode 0xe0, cx8, cmov, fxsr, ht, mmx, 3dnowpref, sse, sse2, sse3, ssse3, sse4.1, sse4.2, popcnt, lzcnt, tsc, tscinvbit, avx, avx2, aes, erms, clmul, bmi1, bmi2, adx, fma, vzeroupper, clflush, clflushopt, hv, rdtscp, f16c
Processor Information for all 16 processors :
  Max Mhz: 2208, Current Mhz: 2208, Mhz Limit: 2208

Memory: 4k page, system-wide physical 8027M (471M free)
TotalPageFile size 20838M (AvailPageFile size 5M)
current process WorkingSet (physical memory assigned to process): 277M, peak: 277M
current process commit charge ("private bytes"): 323M, peak: 326M

vm_info: OpenJDK 64-Bit Server VM (21.0.4+-12508038-b607.1) for windows-amd64 JRE (21.0.4+-12508038-b607.1), built on 2024-10-16T17:23:34Z by "builder" with MS VC++ 16.10 / 16.11 (VS2019)

END.
